<?xml version="1.0" encoding="UTF-8"?>
<robot generator="Robot 7.4.2 (Python 3.12.3 on linux)" generated="2026-04-04T21:24:44.353053" rpa="false" schemaversion="5">
<suite id="s1" name="Tests" source="/home/p527488/Downloads/venv/sandbox/tests">
<suite id="s1-s1" name="Web" source="/home/p527488/Downloads/venv/sandbox/tests/web">
<suite id="s1-s1-s1" name="Form Test" source="/home/p527488/Downloads/venv/sandbox/tests/web/form_test.robot">
<test id="s1-s1-s1-t1" name="Teste de Carregamento da Página" line="6">
<kw name="Abrir Navegador" owner="web_keywords">
<kw name="New Browser" owner="Browser">
<msg time="2026-04-04T21:24:44.619213" level="INFO">{"browser": "chromium", "headless": true, "chromiumSandbox": false, "devtools": false, "handleSIGHUP": true, "handleSIGINT": true, "handleSIGTERM": true, "slowMo": 0.0, "timeout": 30000.0, "tracesDir": "/home/p527488/Downloads/venv/sandbox/browser/traces/temp/b1be0983-e79d-475a-acfc-7b59fa3dda8a"}</msg>
<msg time="2026-04-04T21:24:44.626101" level="INFO">Starting Browser process /home/p527488/Downloads/venv/sandbox/lib/python3.12/site-packages/Browser/wrapper/index.js using at 127.0.0.1:50287</msg>
<msg time="2026-04-04T21:24:45.236607" level="INFO">Successfully created browser with options: {"browser":"chromium","headless":true,"chromiumSandbox":false,"devtools":false,"handleSIGHUP":true,"handleSIGINT":true,"handleSIGTERM":true,"slowMo":0,"timeout":30000,"tracesDir":"/home/p527488/Downloads/venv/sandbox/browser/traces/temp/b1be0983-e79d-475a-acfc-7b59fa3dda8a"}</msg>
<arg>chromium</arg>
<arg>headless=True</arg>
<tag>BrowserControl</tag>
<tag>Setter</tag>
<doc>Create a new playwright Browser with specified options.</doc>
<status status="PASS" start="2026-04-04T21:24:44.618516" elapsed="0.618402"/>
</kw>
<kw name="New Context" owner="Browser">
<msg time="2026-04-04T21:24:45.239995" level="INFO">{
  "acceptDownloads": true,
  "bypassCSP": false,
  "forcedColors": "none",
  "ignoreHTTPSErrors": false,
  "javaScriptEnabled": true,
  "offline": false,
  "reducedMotion": "no-preference",
  "serviceWorkers": "allow",
  "viewport": {
    "width": 1280,
    "height": 720
  }
}</msg>
<msg time="2026-04-04T21:24:45.255983" level="INFO">Successfully created context. </msg>
<msg time="2026-04-04T21:24:45.256081" level="INFO">{'acceptDownloads': True, 'bypassCSP': False, 'forcedColors': 'none', 'ignoreHTTPSErrors': False, 'javaScriptEnabled': True, 'offline': False, 'reducedMotion': 'no-preference', 'serviceWorkers': 'allow', 'viewport': {'width': 1280, 'height': 720}}</msg>
<tag>BrowserControl</tag>
<tag>Setter</tag>
<doc>Create a new BrowserContext with specified options.</doc>
<status status="PASS" start="2026-04-04T21:24:45.237800" elapsed="0.018374"/>
</kw>
<status status="PASS" start="2026-04-04T21:24:44.617600" elapsed="0.639080"/>
</kw>
<kw name="Evaluate" owner="BuiltIn">
<msg time="2026-04-04T21:24:45.257618" level="INFO">${start} = 1775348685.257533</msg>
<var>${start}</var>
<arg>__import__('time').time()</arg>
<doc>Evaluates the given expression in Python and returns the result.</doc>
<status status="PASS" start="2026-04-04T21:24:45.257001" elapsed="0.000657"/>
</kw>
<kw name="Acessar Página" owner="form_page">
<kw name="New Page" owner="Browser">
<msg time="2026-04-04T21:24:49.306051" level="INFO">Successfully initialized new page object and opened url: https://demoqa.com/automation-practice-form</msg>
<arg>${URL}</arg>
<tag>BrowserControl</tag>
<tag>Setter</tag>
<doc>Open a new Page.</doc>
<status status="PASS" start="2026-04-04T21:24:45.287213" elapsed="4.019060"/>
</kw>
<status status="PASS" start="2026-04-04T21:24:45.285470" elapsed="4.021313"/>
</kw>
<kw name="Aguardar Página Carregar" owner="form_page">
<kw name="Wait For Elements State" owner="Browser">
<msg time="2026-04-04T21:24:49.623043" level="INFO">Waited for Element with selector css=#root header a img at state visible</msg>
<arg>${LOGO}</arg>
<arg>visible</arg>
<tag>PageContent</tag>
<tag>Wait</tag>
<doc>Waits for the element found by ``selector`` to satisfy state option.</doc>
<status status="PASS" start="2026-04-04T21:24:49.307656" elapsed="0.315611"/>
</kw>
<status status="PASS" start="2026-04-04T21:24:49.307123" elapsed="0.316755"/>
</kw>
<kw name="Evaluate" owner="BuiltIn">
<msg time="2026-04-04T21:24:49.625017" level="INFO">${end} = 1775348689.62487</msg>
<var>${end}</var>
<arg>__import__('time').time()</arg>
<doc>Evaluates the given expression in Python and returns the result.</doc>
<status status="PASS" start="2026-04-04T21:24:49.624233" elapsed="0.000871"/>
</kw>
<kw name="Evaluate" owner="BuiltIn">
<msg time="2026-04-04T21:24:49.626966" level="INFO">${tempo} = 4.367336988449097</msg>
<var>${tempo}</var>
<arg>${end} - ${start}</arg>
<doc>Evaluates the given expression in Python and returns the result.</doc>
<status status="PASS" start="2026-04-04T21:24:49.625805" elapsed="0.001264"/>
</kw>
<kw name="Log" owner="BuiltIn">
<msg time="2026-04-04T21:24:49.628628" level="INFO">Tempo total: 4.367336988449097</msg>
<arg>Tempo total: ${tempo}</arg>
<doc>Logs the given message with the given level.</doc>
<status status="PASS" start="2026-04-04T21:24:49.628016" elapsed="0.000691"/>
</kw>
<kw name="Fechar Navegador" owner="web_keywords">
<kw name="Close Browser" owner="Browser">
<msg time="2026-04-04T21:24:49.680527" level="INFO">Closed browser</msg>
<tag>BrowserControl</tag>
<tag>Setter</tag>
<doc>Closes the current browser.</doc>
<status status="PASS" start="2026-04-04T21:24:49.630029" elapsed="0.050775"/>
</kw>
<status status="PASS" start="2026-04-04T21:24:49.629318" elapsed="0.051953"/>
</kw>
<status status="PASS" start="2026-04-04T21:24:44.616770" elapsed="5.064788"/>
</test>
<status status="PASS" start="2026-04-04T21:24:44.435650" elapsed="5.254974"/>
</suite>
<status status="PASS" start="2026-04-04T21:24:44.434646" elapsed="5.263654"/>
</suite>
<status status="PASS" start="2026-04-04T21:24:44.409888" elapsed="5.289258"/>
</suite>
<statistics>
<total>
<stat pass="1" fail="0" skip="0">All Tests</stat>
</total>
<tag>
</tag>
<suite>
<stat name="Tests" id="s1" pass="1" fail="0" skip="0">Tests</stat>
<stat name="Web" id="s1-s1" pass="1" fail="0" skip="0">Tests.Web</stat>
<stat name="Form Test" id="s1-s1-s1" pass="1" fail="0" skip="0">Tests.Web.Form Test</stat>
</suite>
</statistics>
<errors>
</errors>
</robot>
